<?xml version="1.0" encoding="UTF-8"?>
<!-- Generated by org.testng.reporters.JUnitReportReporter -->
<testsuite hostname="DESKTOP-EDB1SR6" failures="0" tests="1" name="Academy.ValidateNavigationBar" time="22.608" errors="0" timestamp="2022-04-29T15:40:09 IST" skipped="0">
  <testcase classname="Academy.ValidateNavigationBar" name="validateNavigationBar" time="22.608"/>
  <system-out/>
</testsuite> <!-- Academy.ValidateNavigationBar -->
