<?xml version="1.0" encoding="UTF-8"?>
<!-- Generated by org.testng.reporters.JUnitReportReporter -->
<testsuite hostname="DESKTOP-EDB1SR6" failures="0" tests="1" name="Academy.NavigationBarDisplayed" time="17.638" errors="0" timestamp="2022-04-18T13:09:20 IST" skipped="0">
  <testcase classname="Academy.NavigationBarDisplayed" name="basePageNavigation" time="17.638"/>
  <system-out/>
</testsuite> <!-- Academy.NavigationBarDisplayed -->
