<?xml version="1.0" encoding="UTF-8"?>
<!-- Generated by org.testng.reporters.JUnitReportReporter -->
<testsuite hostname="DESKTOP-EDB1SR6" failures="0" tests="2" name="Academy.HomePage" time="2.791" errors="0" timestamp="2022-04-18T15:41:43 IST" skipped="0">
  <testcase classname="Academy.HomePage" name="basePageNavigation" time="2.367"/>
  <system-out/>
  <testcase classname="Academy.HomePage" name="basePageNavigation" time="0.424"/>
  <system-out/>
</testsuite> <!-- Academy.HomePage -->
