<?xml version="1.0" encoding="UTF-8"?>
<!-- Generated by org.testng.reporters.JUnitReportReporter -->
<testsuite hostname="DESKTOP-EDB1SR6" failures="0" tests="1" name="Academy.ValidateNavigationBar" time="3.525" errors="0" timestamp="2022-04-29T12:08:08 IST" skipped="0">
  <testcase classname="Academy.ValidateNavigationBar" name="validateNavigationBar" time="3.525"/>
  <system-out/>
</testsuite> <!-- Academy.ValidateNavigationBar -->
