<?xml version="1.0" encoding="UTF-8"?>
<!-- Generated by org.testng.reporters.JUnitReportReporter -->
<testsuite hostname="DESKTOP-EDB1SR6" failures="0" tests="2" name="Academy.ValidateLoginPage" time="1.123" errors="0" timestamp="2022-04-29T12:08:08 IST" skipped="0">
  <testcase classname="Academy.ValidateLoginPage" name="validateLoginPage" time="0.373"/>
  <system-out/>
  <testcase classname="Academy.ValidateLoginPage" name="validateLoginPage" time="0.750"/>
  <system-out/>
</testsuite> <!-- Academy.ValidateLoginPage -->
